<?xml version="1.0" encoding="UTF-8"?>
<testng-results ignored="0" total="2" passed="2" failed="0" skipped="0">
  <reporter-output>
  </reporter-output>
  <suite started-at="2021-06-09T11:49:31 IST" name="Default suite" finished-at="2021-06-09T11:49:31 IST" duration-ms="41">
    <groups>
    </groups>
    <test started-at="2021-06-09T11:49:31 IST" name="Default test" finished-at="2021-06-09T11:49:31 IST" duration-ms="41">
      <class name="com.testNg.com.BrowserLaunch">
        <test-method is-config="true" signature="browserSetUp()[pri:0, instance:com.testNg.com.BrowserLaunch@3f56875e]" started-at="2021-06-09T11:49:31 IST" name="browserSetUp" finished-at="2021-06-09T11:49:31 IST" duration-ms="11" status="PASS">
          <reporter-output>
          </reporter-output>
        </test-method> <!-- browserSetUp -->
        <test-method is-config="true" signature="browser()[pri:0, instance:com.testNg.com.BrowserLaunch@3f56875e]" started-at="2021-06-09T11:49:31 IST" name="browser" finished-at="2021-06-09T11:49:31 IST" duration-ms="1" status="PASS">
          <reporter-output>
          </reporter-output>
        </test-method> <!-- browser -->
        <test-method is-config="true" signature="url()[pri:0, instance:com.testNg.com.BrowserLaunch@3f56875e]" started-at="2021-06-09T11:49:31 IST" name="url" finished-at="2021-06-09T11:49:31 IST" duration-ms="0" status="PASS">
          <reporter-output>
          </reporter-output>
        </test-method> <!-- url -->
        <test-method is-config="true" signature="login()[pri:0, instance:com.testNg.com.BrowserLaunch@3f56875e]" started-at="2021-06-09T11:49:31 IST" name="login" finished-at="2021-06-09T11:49:31 IST" duration-ms="0" status="PASS">
          <reporter-output>
          </reporter-output>
        </test-method> <!-- login -->
        <test-method signature="addToCart()[pri:0, instance:com.testNg.com.BrowserLaunch@3f56875e]" started-at="2021-06-09T11:49:31 IST" name="addToCart" finished-at="2021-06-09T11:49:31 IST" duration-ms="4" status="PASS">
          <reporter-output>
          </reporter-output>
        </test-method> <!-- addToCart -->
        <test-method is-config="true" signature="logout()[pri:0, instance:com.testNg.com.BrowserLaunch@3f56875e]" started-at="2021-06-09T11:49:31 IST" name="logout" finished-at="2021-06-09T11:49:31 IST" duration-ms="0" status="PASS">
          <reporter-output>
          </reporter-output>
        </test-method> <!-- logout -->
        <test-method is-config="true" signature="login()[pri:0, instance:com.testNg.com.BrowserLaunch@3f56875e]" started-at="2021-06-09T11:49:31 IST" name="login" finished-at="2021-06-09T11:49:31 IST" duration-ms="1" status="PASS">
          <reporter-output>
          </reporter-output>
        </test-method> <!-- login -->
        <test-method signature="iphoneSearch()[pri:0, instance:com.testNg.com.BrowserLaunch@3f56875e]" started-at="2021-06-09T11:49:31 IST" name="iphoneSearch" finished-at="2021-06-09T11:49:31 IST" duration-ms="1" status="PASS">
          <reporter-output>
          </reporter-output>
        </test-method> <!-- iphoneSearch -->
        <test-method is-config="true" signature="logout()[pri:0, instance:com.testNg.com.BrowserLaunch@3f56875e]" started-at="2021-06-09T11:49:31 IST" name="logout" finished-at="2021-06-09T11:49:31 IST" duration-ms="0" status="PASS">
          <reporter-output>
          </reporter-output>
        </test-method> <!-- logout -->
        <test-method is-config="true" signature="close()[pri:0, instance:com.testNg.com.BrowserLaunch@3f56875e]" started-at="2021-06-09T11:49:31 IST" name="close" finished-at="2021-06-09T11:49:31 IST" duration-ms="0" status="PASS">
          <reporter-output>
          </reporter-output>
        </test-method> <!-- close -->
        <test-method is-config="true" signature="verfication()[pri:0, instance:com.testNg.com.BrowserLaunch@3f56875e]" started-at="2021-06-09T11:49:31 IST" name="verfication" finished-at="2021-06-09T11:49:31 IST" duration-ms="0" status="PASS">
          <reporter-output>
          </reporter-output>
        </test-method> <!-- verfication -->
        <test-method is-config="true" signature="cookies()[pri:0, instance:com.testNg.com.BrowserLaunch@3f56875e]" started-at="2021-06-09T11:49:31 IST" name="cookies" finished-at="2021-06-09T11:49:31 IST" duration-ms="0" status="PASS">
          <reporter-output>
          </reporter-output>
        </test-method> <!-- cookies -->
      </class> <!-- com.testNg.com.BrowserLaunch -->
    </test> <!-- Default test -->
  </suite> <!-- Default suite -->
</testng-results>
